[35m[1mScanning dependencies of target multi_map_visualization[0m
[35m[1mScanning dependencies of target nav_msgs_generate_messages_cpp[0m
[  0%] Built target nav_msgs_generate_messages_cpp
[  4%] [32mBuilding CXX object CMakeFiles/multi_map_visualization.dir/src/multi_map_visualization.cc.o[0m
[35m[1mScanning dependencies of target _multi_map_server_generate_messages_check_deps_SparseMap3D[0m
[  4%] Built target _multi_map_server_generate_messages_check_deps_SparseMap3D
[35m[1mScanning dependencies of target _multi_map_server_generate_messages_check_deps_MultiSparseMap3D[0m
[  4%] Built target _multi_map_server_generate_messages_check_deps_MultiSparseMap3D
[35m[1mScanning dependencies of target _multi_map_server_generate_messages_check_deps_MultiOccupancyGrid[0m
[  4%] Built target _multi_map_server_generate_messages_check_deps_MultiOccupancyGrid
[35m[1mScanning dependencies of target _multi_map_server_generate_messages_check_deps_VerticalOccupancyGridList[0m
[  4%] Built target _multi_map_server_generate_messages_check_deps_VerticalOccupancyGridList
[35m[1mScanning dependencies of target geometry_msgs_generate_messages_cpp[0m
[  4%] Built target geometry_msgs_generate_messages_cpp
[35m[1mScanning dependencies of target geometry_msgs_generate_messages_eus[0m
[  4%] Built target geometry_msgs_generate_messages_eus
[35m[1mScanning dependencies of target nav_msgs_generate_messages_eus[0m
[  4%] Built target nav_msgs_generate_messages_eus
[35m[1mScanning dependencies of target nav_msgs_generate_messages_py[0m
[  4%] Built target nav_msgs_generate_messages_py
[35m[1mScanning dependencies of target geometry_msgs_generate_messages_py[0m
[  4%] Built target geometry_msgs_generate_messages_py
[35m[1mScanning dependencies of target nav_msgs_generate_messages_nodejs[0m
[  4%] Built target nav_msgs_generate_messages_nodejs
[35m[1mScanning dependencies of target geometry_msgs_generate_messages_nodejs[0m
[  4%] Built target geometry_msgs_generate_messages_nodejs
[35m[1mScanning dependencies of target geometry_msgs_generate_messages_lisp[0m
[  4%] Built target geometry_msgs_generate_messages_lisp
[35m[1mScanning dependencies of target nav_msgs_generate_messages_lisp[0m
[  4%] Built target nav_msgs_generate_messages_lisp
[35m[1mScanning dependencies of target multi_map_server_generate_messages_cpp[0m
[  8%] [34m[1mGenerating C++ code from multi_map_server/MultiOccupancyGrid.msg[0m
[ 12%] [34m[1mGenerating C++ code from multi_map_server/MultiSparseMap3D.msg[0m
[01m[K/home/do/workspace/projects/AeroMaze/ego-planner/src/uav_simulator/Utils/multi_map_server/src/multi_map_visualization.cc:6:10:[m[K [01;31m[Kfatal error: [m[Kmulti_map_server/MultiSparseMap3D.h: No such file or directory
    6 | #include [01;31m[K<multi_map_server/MultiSparseMap3D.h>[m[K
      |          [01;31m[K^~~~~~~~~~~~~~~~~~~~~~~~~~~~~~~~~~~~~[m[K
compilation terminated.
make[2]: *** [CMakeFiles/multi_map_visualization.dir/build.make:63: CMakeFiles/multi_map_visualization.dir/src/multi_map_visualization.cc.o] Error 1
make[1]: *** [CMakeFiles/Makefile2:334: CMakeFiles/multi_map_visualization.dir/all] Error 2
make[1]: *** Waiting for unfinished jobs....
[ 16%] [34m[1mGenerating C++ code from multi_map_server/SparseMap3D.msg[0m
[ 20%] [34m[1mGenerating C++ code from multi_map_server/VerticalOccupancyGridList.msg[0m
[ 20%] Built target multi_map_server_generate_messages_cpp
make: *** [Makefile:141: all] Error 2
