[  0%] Built target nav_msgs_generate_messages_cpp
[  4%] [32mBuilding CXX object CMakeFiles/multi_map_visualization.dir/src/multi_map_visualization.cc.o[0m
[  4%] Built target _multi_map_server_generate_messages_check_deps_SparseMap3D
[  4%] Built target _multi_map_server_generate_messages_check_deps_MultiOccupancyGrid
[  4%] Built target _multi_map_server_generate_messages_check_deps_MultiSparseMap3D
[  4%] Built target geometry_msgs_generate_messages_cpp
[  4%] Built target geometry_msgs_generate_messages_eus
[  4%] Built target _multi_map_server_generate_messages_check_deps_VerticalOccupancyGridList
[  4%] Built target nav_msgs_generate_messages_eus
[  4%] Built target nav_msgs_generate_messages_py
[  4%] Built target geometry_msgs_generate_messages_py
[  4%] Built target geometry_msgs_generate_messages_nodejs
[  4%] Built target nav_msgs_generate_messages_nodejs
[35m[1mScanning dependencies of target multi_map_server_generate_messages_eus[0m
[  4%] Built target nav_msgs_generate_messages_lisp
[  4%] Built target geometry_msgs_generate_messages_lisp
[ 20%] Built target multi_map_server_generate_messages_cpp
[ 25%] [34m[1mGenerating EusLisp code from multi_map_server/MultiOccupancyGrid.msg[0m
[ 29%] [34m[1mGenerating EusLisp code from multi_map_server/MultiSparseMap3D.msg[0m
[35m[1mScanning dependencies of target multi_map_server_generate_messages_py[0m
[35m[1mScanning dependencies of target multi_map_server_generate_messages_nodejs[0m
[ 33%] [34m[1mGenerating Python from MSG multi_map_server/MultiOccupancyGrid[0m
[ 37%] [34m[1mGenerating Javascript code from multi_map_server/MultiOccupancyGrid.msg[0m
[ 41%] [34m[1mGenerating Python from MSG multi_map_server/MultiSparseMap3D[0m
[ 45%] [34m[1mGenerating Javascript code from multi_map_server/MultiSparseMap3D.msg[0m
[ 50%] [34m[1mGenerating EusLisp code from multi_map_server/SparseMap3D.msg[0m
[ 54%] [34m[1mGenerating EusLisp code from multi_map_server/VerticalOccupancyGridList.msg[0m
[ 58%] [34m[1mGenerating EusLisp manifest code for multi_map_server[0m
[ 62%] [34m[1mGenerating Javascript code from multi_map_server/SparseMap3D.msg[0m
[35m[1mScanning dependencies of target multi_map_server_generate_messages_lisp[0m
[ 66%] [34m[1mGenerating Javascript code from multi_map_server/VerticalOccupancyGridList.msg[0m
[ 70%] [34m[1mGenerating Python from MSG multi_map_server/SparseMap3D[0m
[ 75%] [34m[1mGenerating Lisp code from multi_map_server/MultiOccupancyGrid.msg[0m
[ 79%] [34m[1mGenerating Python from MSG multi_map_server/VerticalOccupancyGridList[0m
[ 79%] Built target multi_map_server_generate_messages_nodejs
[ 83%] [34m[1mGenerating Lisp code from multi_map_server/MultiSparseMap3D.msg[0m
[ 87%] [34m[1mGenerating Lisp code from multi_map_server/SparseMap3D.msg[0m
[ 91%] [34m[1mGenerating Lisp code from multi_map_server/VerticalOccupancyGridList.msg[0m
[ 91%] Built target multi_map_server_generate_messages_lisp
[ 95%] [34m[1mGenerating Python msg __init__.py for multi_map_server[0m
[ 95%] Built target multi_map_server_generate_messages_eus
[ 95%] Built target multi_map_server_generate_messages_py
[35m[1mScanning dependencies of target multi_map_server_generate_messages[0m
[ 95%] Built target multi_map_server_generate_messages
[100%] [32m[1mLinking CXX executable /home/do/workspace/projects/AeroMaze/ego-planner/devel/.private/multi_map_server/lib/multi_map_server/multi_map_visualization[0m
/usr/bin/ld: cannot find -lpose_utils
collect2: error: ld returned 1 exit status
make[2]: *** [CMakeFiles/multi_map_visualization.dir/build.make:111: /home/do/workspace/projects/AeroMaze/ego-planner/devel/.private/multi_map_server/lib/multi_map_server/multi_map_visualization] Error 1
make[1]: *** [CMakeFiles/Makefile2:334: CMakeFiles/multi_map_visualization.dir/all] Error 2
make: *** [Makefile:141: all] Error 2
