In file included from [01m[K/opt/ros/noetic/include/librealsense2/hpp/rs_sensor.hpp:8[m[K,
                 from [01m[K/opt/ros/noetic/include/librealsense2/hpp/rs_device.hpp:8[m[K,
                 from [01m[K/opt/ros/noetic/include/librealsense2/hpp/rs_record_playback.hpp:8[m[K,
                 from [01m[K/opt/ros/noetic/include/librealsense2/hpp/rs_context.hpp:8[m[K,
                 from [01m[K/opt/ros/noetic/include/librealsense2/rs.hpp:9[m[K,
                 from [01m[K/home/do/workspace/projects/AeroMaze/ego-planner/src/modified_realsense2_camera/realsense2_camera/src/../include/realsense_node_factory.h:11[m[K,
                 from [01m[K/home/do/workspace/projects/AeroMaze/ego-planner/src/modified_realsense2_camera/realsense2_camera/src/realsense_node_factory.cpp:4[m[K:
[01m[K/opt/ros/noetic/include/librealsense2/hpp/rs_frame.hpp:[m[K In lambda function:
[01m[K/opt/ros/noetic/include/librealsense2/hpp/rs_frame.hpp:1047:58:[m[K [01;35m[Kwarning: [m[Kcomparison of integer expressions of different signedness: ‘[01m[Kint[m[K’ and ‘[01m[Kconst size_t[m[K’ {aka ‘[01m[Kconst long unsigned int[m[K’} [[01;35m[K-Wsign-compare[m[K]
 1047 |                         [01;35m[Kfrm.get_profile().stream_index() == index[m[K) f = frm;
      |                         [01;35m[K~~~~~~~~~~~~~~~~~~~~~~~~~~~~~~~~~^~~~~~~~[m[K
[01m[K/opt/ros/noetic/include/librealsense2/hpp/rs_frame.hpp:[m[K In lambda function:
[01m[K/opt/ros/noetic/include/librealsense2/hpp/rs_frame.hpp:1069:58:[m[K [01;35m[Kwarning: [m[Kcomparison of integer expressions of different signedness: ‘[01m[Kint[m[K’ and ‘[01m[Kconst size_t[m[K’ {aka ‘[01m[Kconst long unsigned int[m[K’} [[01;35m[K-Wsign-compare[m[K]
 1069 |                         [01;35m[Kfrm.get_profile().stream_index() == index[m[K) f = frm;
      |                         [01;35m[K~~~~~~~~~~~~~~~~~~~~~~~~~~~~~~~~~^~~~~~~~[m[K
[01m[K/opt/ros/noetic/include/librealsense2/hpp/rs_frame.hpp:[m[K In lambda function:
[01m[K/opt/ros/noetic/include/librealsense2/hpp/rs_frame.hpp:1091:58:[m[K [01;35m[Kwarning: [m[Kcomparison of integer expressions of different signedness: ‘[01m[Kint[m[K’ and ‘[01m[Kconst size_t[m[K’ {aka ‘[01m[Kconst long unsigned int[m[K’} [[01;35m[K-Wsign-compare[m[K]
 1091 |                         [01;35m[Kfrm.get_profile().stream_index() == index[m[K) f = frm;
      |                         [01;35m[K~~~~~~~~~~~~~~~~~~~~~~~~~~~~~~~~~^~~~~~~~[m[K
In file included from [01m[K/opt/ros/noetic/include/librealsense2/hpp/rs_sensor.hpp:8[m[K,
                 from [01m[K/opt/ros/noetic/include/librealsense2/hpp/rs_device.hpp:8[m[K,
                 from [01m[K/opt/ros/noetic/include/librealsense2/hpp/rs_record_playback.hpp:8[m[K,
                 from [01m[K/opt/ros/noetic/include/librealsense2/hpp/rs_context.hpp:8[m[K,
                 from [01m[K/opt/ros/noetic/include/librealsense2/rs.hpp:9[m[K,
                 from [01m[K/home/do/workspace/projects/AeroMaze/ego-planner/src/modified_realsense2_camera/realsense2_camera/src/../include/../include/realsense_node_factory.h:11[m[K,
                 from [01m[K/home/do/workspace/projects/AeroMaze/ego-planner/src/modified_realsense2_camera/realsense2_camera/src/../include/base_realsense_node.h:6[m[K,
                 from [01m[K/home/do/workspace/projects/AeroMaze/ego-planner/src/modified_realsense2_camera/realsense2_camera/src/base_realsense_node.cpp:1[m[K:
[01m[K/opt/ros/noetic/include/librealsense2/hpp/rs_frame.hpp:[m[K In lambda function:
[01m[K/opt/ros/noetic/include/librealsense2/hpp/rs_frame.hpp:1047:58:[m[K [01;35m[Kwarning: [m[Kcomparison of integer expressions of different signedness: ‘[01m[Kint[m[K’ and ‘[01m[Kconst size_t[m[K’ {aka ‘[01m[Kconst long unsigned int[m[K’} [[01;35m[K-Wsign-compare[m[K]
 1047 |                         [01;35m[Kfrm.get_profile().stream_index() == index[m[K) f = frm;
      |                         [01;35m[K~~~~~~~~~~~~~~~~~~~~~~~~~~~~~~~~~^~~~~~~~[m[K
[01m[K/opt/ros/noetic/include/librealsense2/hpp/rs_frame.hpp:[m[K In lambda function:
[01m[K/opt/ros/noetic/include/librealsense2/hpp/rs_frame.hpp:1069:58:[m[K [01;35m[Kwarning: [m[Kcomparison of integer expressions of different signedness: ‘[01m[Kint[m[K’ and ‘[01m[Kconst size_t[m[K’ {aka ‘[01m[Kconst long unsigned int[m[K’} [[01;35m[K-Wsign-compare[m[K]
 1069 |                         [01;35m[Kfrm.get_profile().stream_index() == index[m[K) f = frm;
      |                         [01;35m[K~~~~~~~~~~~~~~~~~~~~~~~~~~~~~~~~~^~~~~~~~[m[K
[01m[K/opt/ros/noetic/include/librealsense2/hpp/rs_frame.hpp:[m[K In lambda function:
[01m[K/opt/ros/noetic/include/librealsense2/hpp/rs_frame.hpp:1091:58:[m[K [01;35m[Kwarning: [m[Kcomparison of integer expressions of different signedness: ‘[01m[Kint[m[K’ and ‘[01m[Kconst size_t[m[K’ {aka ‘[01m[Kconst long unsigned int[m[K’} [[01;35m[K-Wsign-compare[m[K]
 1091 |                         [01;35m[Kfrm.get_profile().stream_index() == index[m[K) f = frm;
      |                         [01;35m[K~~~~~~~~~~~~~~~~~~~~~~~~~~~~~~~~~^~~~~~~~[m[K
[01m[K/home/do/workspace/projects/AeroMaze/ego-planner/src/modified_realsense2_camera/realsense2_camera/src/base_realsense_node.cpp:[m[K In member function ‘[01m[Kvoid realsense2_camera::BaseRealSenseNode::publishPointCloud(rs2::points, const ros::Time&, const rs2::frameset&)[m[K’:
[01m[K/home/do/workspace/projects/AeroMaze/ego-planner/src/modified_realsense2_camera/realsense2_camera/src/base_realsense_node.cpp:2002:29:[m[K [01;31m[Kerror: [m[K‘[01m[Kfind_if[m[K’ was not declared in this scope
 2002 |         texture_frame_itr = [01;31m[Kfind_if[m[K(frameset.begin(), frameset.end(), [&texture_source_id, &available_formats] (rs2::frame f)
      |                             [01;31m[K^~~~~~~[m[K
[01m[K/home/do/workspace/projects/AeroMaze/ego-planner/src/modified_realsense2_camera/realsense2_camera/src/base_realsense_node.cpp:2002:29:[m[K [01;36m[Knote: [m[Ksuggested alternatives:
In file included from [01m[K/usr/include/c++/9/algorithm:62[m[K,
                 from [01m[K/usr/include/boost/smart_ptr/shared_ptr.hpp:39[m[K,
                 from [01m[K/usr/include/boost/shared_ptr.hpp:17[m[K,
                 from [01m[K/opt/ros/noetic/include/class_loader/class_loader.hpp:36[m[K,
                 from [01m[K/opt/ros/noetic/include/pluginlib/./class_list_macros.hpp:40[m[K,
                 from [01m[K/opt/ros/noetic/include/pluginlib/class_list_macros.h:35[m[K,
                 from [01m[K/home/do/workspace/projects/AeroMaze/ego-planner/src/modified_realsense2_camera/realsense2_camera/src/../include/../include/realsense_node_factory.h:6[m[K,
                 from [01m[K/home/do/workspace/projects/AeroMaze/ego-planner/src/modified_realsense2_camera/realsense2_camera/src/../include/base_realsense_node.h:6[m[K,
                 from [01m[K/home/do/workspace/projects/AeroMaze/ego-planner/src/modified_realsense2_camera/realsense2_camera/src/base_realsense_node.cpp:1[m[K:
[01m[K/usr/include/c++/9/bits/stl_algo.h:3960:5:[m[K [01;36m[Knote: [m[K  ‘[01m[Kstd::find_if[m[K’
 3960 |     [01;36m[Kfind_if[m[K(_InputIterator __first, _InputIterator __last,
      |     [01;36m[K^~~~~~~[m[K
In file included from [01m[K/usr/include/boost/mpl/find.hpp:17[m[K,
                 from [01m[K/usr/include/boost/mpl/aux_/contains_impl.hpp:20[m[K,
                 from [01m[K/usr/include/boost/mpl/contains.hpp:20[m[K,
                 from [01m[K/usr/include/boost/math/policies/policy.hpp:10[m[K,
                 from [01m[K/usr/include/boost/math/policies/error_handling.hpp:21[m[K,
                 from [01m[K/usr/include/boost/math/special_functions/round.hpp:14[m[K,
                 from [01m[K/opt/ros/noetic/include/ros/time.h:58[m[K,
                 from [01m[K/opt/ros/noetic/include/ros/console.h:39[m[K,
                 from [01m[K/opt/ros/noetic/include/nodelet/nodelet.h:40[m[K,
                 from [01m[K/home/do/workspace/projects/AeroMaze/ego-planner/src/modified_realsense2_camera/realsense2_camera/src/../include/../include/realsense_node_factory.h:7[m[K,
                 from [01m[K/home/do/workspace/projects/AeroMaze/ego-planner/src/modified_realsense2_camera/realsense2_camera/src/../include/base_realsense_node.h:6[m[K,
                 from [01m[K/home/do/workspace/projects/AeroMaze/ego-planner/src/modified_realsense2_camera/realsense2_camera/src/base_realsense_node.cpp:1[m[K:
[01m[K/usr/include/boost/mpl/find_if.hpp:32:8:[m[K [01;36m[Knote: [m[K  ‘[01m[Kboost::mpl::find_if[m[K’
   32 | struct [01;36m[Kfind_if[m[K
      |        [01;36m[K^~~~~~~[m[K
make[2]: *** [CMakeFiles/realsense2_camera.dir/build.make:76: CMakeFiles/realsense2_camera.dir/src/base_realsense_node.cpp.o] Error 1
make[2]: *** Waiting for unfinished jobs....
make[1]: *** [CMakeFiles/Makefile2:1772: CMakeFiles/realsense2_camera.dir/all] Error 2
make: *** [Makefile:141: all] Error 2
